<?xml version="1.0" encoding="UTF-8"?>
<!-- Generated by org.testng.reporters.JUnitReportReporter -->
<testsuite skipped="0" hostname="apples-MacBook-Pro.local" name="com.vm.SeAutomationTraining.SingleElementVsMultipleElements" tests="1" failures="0" timestamp="2021-03-09T16:26:17 IST" time="8.845" errors="0">
  <testcase name="verifyNavigations" time="8.845" classname="com.vm.SeAutomationTraining.SingleElementVsMultipleElements"/>
</testsuite> <!-- com.vm.SeAutomationTraining.SingleElementVsMultipleElements -->
