<?xml version="1.0" encoding="UTF-8"?>
<!-- Generated by org.testng.reporters.JUnitReportReporter -->
<testsuite skipped="0" hostname="apples-MacBook-Pro.local" name="com.vm.SeAutomationTests.HomeTest" tests="1" failures="0" timestamp="2021-03-09T10:02:40 IST" time="0.011" errors="0">
  <testcase name="verifyHomePage" time="0.011" classname="com.vm.SeAutomationTests.HomeTest"/>
</testsuite> <!-- com.vm.SeAutomationTests.HomeTest -->
