<?xml version="1.0" encoding="UTF-8"?>
<!-- Generated by org.testng.reporters.JUnitReportReporter -->
<testsuite skipped="0" hostname="apples-MacBook-Pro.local" name="com.vm.SeAutomationTraining.UsingDataProvider" tests="9" failures="0" timestamp="2021-06-17T06:38:36 IST" time="18.965" errors="0">
  <testcase name="dataProviderTest1" time="0.001" classname="com.vm.SeAutomationTraining.UsingDataProvider"/>
  <testcase name="dataProviderTest3" time="8.562" classname="com.vm.SeAutomationTraining.UsingDataProvider"/>
  <testcase name="dataProviderTest1" time="0.002" classname="com.vm.SeAutomationTraining.UsingDataProvider"/>
  <testcase name="dataProviderTest3" time="4.631" classname="com.vm.SeAutomationTraining.UsingDataProvider"/>
  <testcase name="dataProviderTest2" time="0.000" classname="com.vm.SeAutomationTraining.UsingDataProvider"/>
  <testcase name="dataProviderTest2" time="0.001" classname="com.vm.SeAutomationTraining.UsingDataProvider"/>
  <testcase name="dataProviderTest2" time="0.001" classname="com.vm.SeAutomationTraining.UsingDataProvider"/>
  <testcase name="dataProviderTest1" time="0.004" classname="com.vm.SeAutomationTraining.UsingDataProvider"/>
  <testcase name="dataProviderTest3" time="5.763" classname="com.vm.SeAutomationTraining.UsingDataProvider"/>
</testsuite> <!-- com.vm.SeAutomationTraining.UsingDataProvider -->
