<?xml version="1.0" encoding="UTF-8"?>
<!-- Generated by org.testng.reporters.JUnitReportReporter -->
<testsuite skipped="0" hostname="apples-MacBook-Pro.local" name="com.vm.SeAutomationTraining.DataProviderTest" tests="3" failures="0" timestamp="2021-04-01T10:49:31 IST" time="0.010" errors="0">
  <testcase name="dataProviderTest2" time="0.001" classname="com.vm.SeAutomationTraining.DataProviderTest"/>
  <testcase name="dataProviderTest2" time="0.008" classname="com.vm.SeAutomationTraining.DataProviderTest"/>
  <testcase name="dataProviderTest2" time="0.001" classname="com.vm.SeAutomationTraining.DataProviderTest"/>
</testsuite> <!-- com.vm.SeAutomationTraining.DataProviderTest -->
