<?xml version="1.0" encoding="UTF-8"?>
<!-- Generated by org.testng.reporters.JUnitReportReporter -->
<testsuite skipped="0" hostname="apples-MacBook-Pro.local" name="com.vm.SeAutomationTraining.TestNGParameterization" tests="1" failures="0" timestamp="2021-03-31T11:06:04 IST" time="10.911" errors="0">
  <testcase name="testinParameters" time="10.911" classname="com.vm.SeAutomationTraining.TestNGParameterization"/>
</testsuite> <!-- com.vm.SeAutomationTraining.TestNGParameterization -->
