<?xml version="1.0" encoding="UTF-8"?>
<!-- Generated by org.testng.reporters.JUnitReportReporter -->
<testsuite skipped="0" hostname="apples-MacBook-Pro.local" name="com.vm.SeAutomationTraining.TestNGXMLUnderstanding2" tests="1" failures="0" timestamp="2021-03-31T10:47:30 IST" time="0.002" errors="0">
  <testcase name="test7" time="0.002" classname="com.vm.SeAutomationTraining.TestNGXMLUnderstanding2"/>
</testsuite> <!-- com.vm.SeAutomationTraining.TestNGXMLUnderstanding2 -->
