<?xml version="1.0" encoding="UTF-8"?>
<!-- Generated by org.testng.reporters.JUnitReportReporter -->
<testsuite skipped="0" hostname="apples-MacBook-Pro.local" name="com.vm.SeAutomationTraining.VerificationsInSelenium" tests="1" failures="0" timestamp="2021-03-11T16:21:35 IST" time="7.078" errors="0">
  <testcase name="verifyCheckbox" time="7.078" classname="com.vm.SeAutomationTraining.VerificationsInSelenium"/>
</testsuite> <!-- com.vm.SeAutomationTraining.VerificationsInSelenium -->
