<?xml version="1.0" encoding="UTF-8"?>
<!-- Generated by org.testng.reporters.JUnitReportReporter -->
<testsuite skipped="0" hostname="apples-MacBook-Pro.local" name="com.vm.SeAutomationTraining.TestNGBasics" tests="2" failures="0" timestamp="2021-03-03T10:50:11 IST" time="0.012" errors="0">
  <testcase name="testA" time="0.009" classname="com.vm.SeAutomationTraining.TestNGBasics"/>
  <testcase name="testB" time="0.003" classname="com.vm.SeAutomationTraining.TestNGBasics"/>
</testsuite> <!-- com.vm.SeAutomationTraining.TestNGBasics -->
