<?xml version="1.0" encoding="UTF-8"?>
<!-- Generated by org.testng.reporters.JUnitReportReporter -->
<testsuite skipped="0" hostname="apples-MacBook-Pro.local" name="com.vm.SeAutomationTraining.TypeClickAndVerify" tests="1" failures="0" timestamp="2021-02-26T15:58:44 IST" time="13.817" errors="0">
  <testcase name="test" time="13.817" classname="com.vm.SeAutomationTraining.TypeClickAndVerify"/>
</testsuite> <!-- com.vm.SeAutomationTraining.TypeClickAndVerify -->
