<?xml version="1.0" encoding="UTF-8"?>
<!-- Generated by org.testng.reporters.JUnitReportReporter -->
<testsuite skipped="0" hostname="apples-MacBook-Pro.local" name="com.vm.SeAutomationTraining.DataFromXMLViaDataProvider" tests="6" failures="0" timestamp="2021-06-17T08:15:45 IST" time="0.014" errors="0">
  <testcase name="dataProviderTest2" time="0.010" classname="com.vm.SeAutomationTraining.DataFromXMLViaDataProvider"/>
  <testcase name="dataProviderTest3" time="0.001" classname="com.vm.SeAutomationTraining.DataFromXMLViaDataProvider"/>
  <testcase name="dataProviderTest3" time="0.000" classname="com.vm.SeAutomationTraining.DataFromXMLViaDataProvider"/>
  <testcase name="dataProviderTest2" time="0.001" classname="com.vm.SeAutomationTraining.DataFromXMLViaDataProvider"/>
  <testcase name="dataProviderTest3" time="0.001" classname="com.vm.SeAutomationTraining.DataFromXMLViaDataProvider"/>
  <testcase name="dataProviderTest2" time="0.001" classname="com.vm.SeAutomationTraining.DataFromXMLViaDataProvider"/>
</testsuite> <!-- com.vm.SeAutomationTraining.DataFromXMLViaDataProvider -->
