<?xml version="1.0" encoding="UTF-8"?>
<!-- Generated by org.testng.reporters.JUnitReportReporter -->
<testsuite skipped="0" hostname="apples-MacBook-Pro.local" name="com.vm.SeAutomationTraining.CollectionTest" tests="6" failures="0" timestamp="2021-03-13T11:40:27 IST" time="0.030" errors="0">
  <testcase name="linkedListTest" time="0.003" classname="com.vm.SeAutomationTraining.CollectionTest"/>
  <testcase name="arrayListTest" time="0.021" classname="com.vm.SeAutomationTraining.CollectionTest"/>
  <testcase name="hashMap" time="0.002" classname="com.vm.SeAutomationTraining.CollectionTest"/>
  <testcase name="hashSetTest" time="0.001" classname="com.vm.SeAutomationTraining.CollectionTest"/>
  <testcase name="hashTableTest" time="0.001" classname="com.vm.SeAutomationTraining.CollectionTest"/>
  <testcase name="linkedHashSet" time="0.002" classname="com.vm.SeAutomationTraining.CollectionTest"/>
</testsuite> <!-- com.vm.SeAutomationTraining.CollectionTest -->
