<?xml version="1.0" encoding="UTF-8"?>
<!-- Generated by org.testng.reporters.JUnitReportReporter -->
<testsuite skipped="0" hostname="apples-MacBook-Pro.local" name="com.vm.SeAutomationTraining.ClickingOnElement" tests="1" failures="0" timestamp="2021-02-17T10:45:29 IST" time="0.068" errors="0">
  <testcase name="verifyABTest" time="0.068" classname="com.vm.SeAutomationTraining.ClickingOnElement"/>
</testsuite> <!-- com.vm.SeAutomationTraining.ClickingOnElement -->
