<?xml version="1.0" encoding="UTF-8"?>
<!-- Generated by org.testng.reporters.JUnitReportReporter -->
<testsuite skipped="0" hostname="apples-MacBook-Pro.local" name="com.vm.SeAutomationTests.AddRemoveElementsTest" tests="1" failures="0" timestamp="2021-03-03T11:26:56 IST" time="0.839" errors="0">
  <testcase name="verifyAddRemoveHeading" time="0.839" classname="com.vm.SeAutomationTests.AddRemoveElementsTest"/>
</testsuite> <!-- com.vm.SeAutomationTests.AddRemoveElementsTest -->
