<?xml version="1.0" encoding="UTF-8"?>
<!-- Generated by org.testng.reporters.JUnitReportReporter -->
<testsuite skipped="0" hostname="apples-MacBook-Pro.local" name="com.vm.SeAutomationTraining.GetAllLinks" tests="1" failures="0" timestamp="2021-03-23T15:45:50 IST" time="5.134" errors="0">
  <testcase name="verifyAllLinks" time="5.134" classname="com.vm.SeAutomationTraining.GetAllLinks"/>
</testsuite> <!-- com.vm.SeAutomationTraining.GetAllLinks -->
