<?xml version="1.0" encoding="UTF-8"?>
<!-- Generated by org.testng.reporters.JUnitReportReporter -->
<testsuite skipped="0" hostname="apples-MacBook-Pro.local" name="com.vm.SeAutomationTraining.HandleMultipleTabsOrWindows" tests="1" failures="0" timestamp="2021-03-20T17:21:16 IST" time="3.621" errors="0">
  <testcase name="switchtoTabOrWindow" time="3.621" classname="com.vm.SeAutomationTraining.HandleMultipleTabsOrWindows"/>
</testsuite> <!-- com.vm.SeAutomationTraining.HandleMultipleTabsOrWindows -->
