<?xml version="1.0" encoding="UTF-8"?>
<!-- Generated by org.testng.reporters.JUnitReportReporter -->
<testsuite skipped="0" hostname="apples-MacBook-Pro.local" name="com.vm.SeAutomationTraining.MultipleDrivers" tests="1" failures="0" timestamp="2021-03-29T11:02:47 IST" time="8.380" errors="0">
  <testcase name="test" time="8.380" classname="com.vm.SeAutomationTraining.MultipleDrivers"/>
</testsuite> <!-- com.vm.SeAutomationTraining.MultipleDrivers -->
