<?xml version="1.0" encoding="UTF-8"?>
<!-- Generated by org.testng.reporters.JUnitReportReporter -->
<testsuite skipped="0" hostname="apples-MacBook-Pro.local" name="com.vm.SeAutomationTests.TimeCalculation" tests="2" failures="0" timestamp="2021-06-16T20:04:27 IST" time="0.019" errors="0">
  <testcase name="testing" time="0.017" classname="com.vm.SeAutomationTests.TimeCalculation"/>
  <testcase name="testing1" time="0.002" classname="com.vm.SeAutomationTests.TimeCalculation"/>
</testsuite> <!-- com.vm.SeAutomationTests.TimeCalculation -->
