<?xml version="1.0" encoding="UTF-8"?>
<!-- Generated by org.testng.reporters.JUnitReportReporter -->
<testsuite skipped="0" hostname="apples-MacBook-Pro.local" name="com.vm.SeAutomationTraining.HandleFileUpload" tests="1" failures="0" timestamp="2021-03-20T18:09:58 IST" time="30.399" errors="0">
  <testcase name="acceptJavaScriptAlert" time="30.399" classname="com.vm.SeAutomationTraining.HandleFileUpload"/>
</testsuite> <!-- com.vm.SeAutomationTraining.HandleFileUpload -->
