<?xml version="1.0" encoding="UTF-8"?>
<!-- Generated by org.testng.reporters.JUnitReportReporter -->
<testsuite skipped="0" hostname="apples-MacBook-Pro.local" name="com.vm.SeAutomationTests.WriteToExcell" tests="1" failures="0" timestamp="2021-06-16T07:57:03 IST" time="0.146" errors="0">
  <testcase name="writeLogsToExcel" time="0.146" classname="com.vm.SeAutomationTests.WriteToExcell"/>
</testsuite> <!-- com.vm.SeAutomationTests.WriteToExcell -->
