<?xml version="1.0" encoding="UTF-8"?>
<!-- Generated by org.testng.reporters.JUnitReportReporter -->
<testsuite skipped="0" hostname="apples-MacBook-Pro.local" name="com.vm.SeAutomationTraining.StringsPractice" tests="1" failures="0" timestamp="2021-05-11T11:01:14 IST" time="0.010" errors="0">
  <testcase name="printNumberOfDuplicatesStringInString" time="0.010" classname="com.vm.SeAutomationTraining.StringsPractice"/>
</testsuite> <!-- com.vm.SeAutomationTraining.StringsPractice -->
