<?xml version="1.0" encoding="UTF-8"?>
<!-- Generated by org.testng.reporters.JUnitReportReporter -->
<testsuite skipped="0" hostname="apples-MacBook-Pro.local" name="com.vm.SeAutomationTraining.HandleFrames" tests="1" failures="0" timestamp="2021-03-24T16:20:08 IST" time="7.311" errors="0">
  <testcase name="switchToNestedFramesTest" time="7.311" classname="com.vm.SeAutomationTraining.HandleFrames"/>
</testsuite> <!-- com.vm.SeAutomationTraining.HandleFrames -->
