<?xml version="1.0" encoding="UTF-8"?>
<!-- Generated by org.testng.reporters.JUnitReportReporter -->
<testsuite skipped="0" hostname="apples-MacBook-Pro.local" name="com.vm.SeAutomationTraining.ReadOTP" tests="1" failures="0" timestamp="2021-06-09T13:23:58 IST" time="23.287" errors="0">
  <testcase name="readOTP" time="23.287" classname="com.vm.SeAutomationTraining.ReadOTP"/>
</testsuite> <!-- com.vm.SeAutomationTraining.ReadOTP -->
