<?xml version="1.0" encoding="UTF-8"?>
<!-- Generated by org.testng.reporters.JUnitReportReporter -->
<testsuite skipped="0" hostname="apples-MacBook-Pro.local" name="com.vm.SeAutomationTraining.UsingDataProvider" tests="3" failures="0" timestamp="2021-04-01T11:01:55 IST" time="44.132" errors="0">
  <testcase name="dataProviderTest3" time="14.197" classname="com.vm.SeAutomationTraining.UsingDataProvider"/>
  <testcase name="dataProviderTest3" time="8.707" classname="com.vm.SeAutomationTraining.UsingDataProvider"/>
  <testcase name="dataProviderTest3" time="21.228" classname="com.vm.SeAutomationTraining.UsingDataProvider"/>
</testsuite> <!-- com.vm.SeAutomationTraining.UsingDataProvider -->
