<?xml version="1.0" encoding="UTF-8"?>
<!-- Generated by org.testng.reporters.JUnitReportReporter -->
<testsuite skipped="1" hostname="apples-MacBook-Pro.local" name="com.vm.SeAutomationTraining.TestNGParameterization" tests="2" failures="0" timestamp="2021-06-17T06:00:33 IST" time="0.472" errors="1">
  <testcase name="testinParameters" time="0.000" classname="com.vm.SeAutomationTraining.TestNGParameterization">
    <skipped/>
  </testcase> <!-- testinParameters -->
  <testcase name="openBrowser" time="0.472" classname="com.vm.SeAutomationTraining.TestNGParameterization">
    <error type="java.lang.NoSuchMethodError" message="org.apache.commons.io.IOUtils.toString(Ljava/io/InputStream;Ljava/nio/charset/Charset;)Ljava/lang/String;">
      <![CDATA[java.lang.NoSuchMethodError: org.apache.commons.io.IOUtils.toString(Ljava/io/InputStream;Ljava/nio/charset/Charset;)Ljava/lang/String;
at io.github.bonigarcia.wdm.versions.Shell.runAndWaitNoLog(Shell.java:66)
at io.github.bonigarcia.wdm.versions.Shell.runAndWaitArray(Shell.java:55)
at io.github.bonigarcia.wdm.versions.Shell.runAndWait(Shell.java:45)
at io.github.bonigarcia.wdm.versions.VersionDetector.getDefaultBrowserVersion(VersionDetector.java:192)
at io.github.bonigarcia.wdm.managers.ChromeDriverManager.getBrowserVersionFromTheShell(ChromeDriverManager.java:123)
at io.github.bonigarcia.wdm.WebDriverManager.detectBrowserVersion(WebDriverManager.java:719)
at io.github.bonigarcia.wdm.WebDriverManager.resolveDriverVersion(WebDriverManager.java:588)
at io.github.bonigarcia.wdm.WebDriverManager.manage(WebDriverManager.java:540)
at io.github.bonigarcia.wdm.WebDriverManager.setup(WebDriverManager.java:288)
at com.vm.SeAutomationTraining.LaunchApplication.openBrowser(LaunchApplication.java:19)
at sun.reflect.NativeMethodAccessorImpl.invoke0(Native Method)
at sun.reflect.NativeMethodAccessorImpl.invoke(NativeMethodAccessorImpl.java:62)
at sun.reflect.DelegatingMethodAccessorImpl.invoke(DelegatingMethodAccessorImpl.java:43)
at java.lang.reflect.Method.invoke(Method.java:498)
at org.testng.internal.MethodInvocationHelper.invokeMethod(MethodInvocationHelper.java:133)
at org.testng.internal.MethodInvocationHelper.invokeMethodConsideringTimeout(MethodInvocationHelper.java:62)
at org.testng.internal.ConfigInvoker.invokeConfigurationMethod(ConfigInvoker.java:340)
at org.testng.internal.ConfigInvoker.invokeConfigurations(ConfigInvoker.java:294)
at org.testng.SuiteRunner.privateRun(SuiteRunner.java:345)
at org.testng.SuiteRunner.run(SuiteRunner.java:304)
at org.testng.SuiteRunnerWorker.runSuite(SuiteRunnerWorker.java:53)
at org.testng.SuiteRunnerWorker.run(SuiteRunnerWorker.java:96)
at org.testng.TestNG.runSuitesSequentially(TestNG.java:1180)
at org.testng.TestNG.runSuitesLocally(TestNG.java:1102)
at org.testng.TestNG.runSuites(TestNG.java:1032)
at org.testng.TestNG.run(TestNG.java:1000)
at org.testng.remote.AbstractRemoteTestNG.run(AbstractRemoteTestNG.java:115)
at org.testng.remote.RemoteTestNG.initAndRun(RemoteTestNG.java:251)
at org.testng.remote.RemoteTestNG.main(RemoteTestNG.java:77)
]]>
    </error>
  </testcase> <!-- openBrowser -->
</testsuite> <!-- com.vm.SeAutomationTraining.TestNGParameterization -->
