<?xml version="1.0" encoding="UTF-8"?>
<!-- Generated by org.testng.reporters.JUnitReportReporter -->
<testsuite skipped="0" hostname="apples-MacBook-Pro.local" name="com.vm.SeAutomationTraining.TestNGXMLUnderstanding" tests="3" failures="0" timestamp="2021-03-31T10:47:35 IST" time="0.016" errors="0">
  <testcase name="test9" time="0.001" classname="com.vm.SeAutomationTraining.TestNGXMLUnderstanding"/>
  <testcase name="test2" time="0.014" classname="com.vm.SeAutomationTraining.TestNGXMLUnderstanding"/>
  <testcase name="test3" time="0.001" classname="com.vm.SeAutomationTraining.TestNGXMLUnderstanding"/>
</testsuite> <!-- com.vm.SeAutomationTraining.TestNGXMLUnderstanding -->
