<?xml version="1.0" encoding="UTF-8"?>
<!-- Generated by org.testng.reporters.JUnitReportReporter -->
<testsuite skipped="0" hostname="apples-MacBook-Pro.local" name="com.vm.SeAutomationTraining.TakeSceenshotTest" tests="1" failures="0" timestamp="2021-03-30T10:41:44 IST" time="6.264" errors="0">
  <testcase name="getScreenshotWhenTestFails" time="6.264" classname="com.vm.SeAutomationTraining.TakeSceenshotTest"/>
</testsuite> <!-- com.vm.SeAutomationTraining.TakeSceenshotTest -->
