<?xml version="1.0" encoding="UTF-8"?>
<!-- Generated by org.testng.reporters.JUnitReportReporter -->
<testsuite skipped="0" hostname="apples-MacBook-Pro.local" name="com.vm.javaPractice.Dog" tests="2" failures="0" timestamp="2021-02-18T10:24:33 IST" time="0.042" errors="0">
  <testcase name="dogBarking" time="0.036" classname="com.vm.javaPractice.Dog"/>
  <testcase name="dogRunnig" time="0.006" classname="com.vm.javaPractice.Dog"/>
</testsuite> <!-- com.vm.javaPractice.Dog -->
