<?xml version="1.0" encoding="UTF-8"?>
<!-- Generated by org.testng.reporters.JUnitReportReporter -->
<testsuite skipped="0" hostname="apples-MacBook-Pro.local" name="com.vm.javaPractice.UserFunctions" tests="1" failures="0" timestamp="2021-02-19T10:45:21 IST" time="0.032" errors="0">
  <testcase name="test" time="0.032" classname="com.vm.javaPractice.UserFunctions"/>
</testsuite> <!-- com.vm.javaPractice.UserFunctions -->
