<?xml version="1.0" encoding="UTF-8"?>
<!-- Generated by org.testng.reporters.JUnitReportReporter -->
<testsuite skipped="0" hostname="apples-MacBook-Pro.local" name="com.vm.javaPractice.TestNGVsMain" tests="3" failures="0" timestamp="2021-02-19T11:06:25 IST" time="0.040" errors="0">
  <testcase name="atest2" time="0.004" classname="com.vm.javaPractice.TestNGVsMain"/>
  <testcase name="test1" time="0.033" classname="com.vm.javaPractice.TestNGVsMain"/>
  <testcase name="test3" time="0.003" classname="com.vm.javaPractice.TestNGVsMain"/>
</testsuite> <!-- com.vm.javaPractice.TestNGVsMain -->
