<?xml version="1.0" encoding="UTF-8"?>
<!-- Generated by org.testng.reporters.JUnitReportReporter -->
<testsuite skipped="0" hostname="apples-MacBook-Pro.local" name="com.vm.javaPractice.Exceptions" tests="1" failures="0" timestamp="2021-02-23T10:57:15 IST" time="0.028" errors="0">
  <testcase name="test1" time="0.028" classname="com.vm.javaPractice.Exceptions"/>
</testsuite> <!-- com.vm.javaPractice.Exceptions -->
