<?xml version="1.0" encoding="UTF-8"?>
<!-- Generated by org.testng.reporters.JUnitReportReporter -->
<testsuite skipped="0" hostname="apples-MacBook-Pro.local" name="com.vm.SeAutomationTraining.HandleJavaScriptAlets" tests="3" failures="0" timestamp="2021-03-20T17:40:42 IST" time="28.990" errors="0">
  <testcase name="cancelAlert" time="0.259" classname="com.vm.SeAutomationTraining.HandleJavaScriptAlets"/>
  <testcase name="acceptJavaScriptAlert" time="3.510" classname="com.vm.SeAutomationTraining.HandleJavaScriptAlets"/>
  <testcase name="enterValueInThePromt" time="25.221" classname="com.vm.SeAutomationTraining.HandleJavaScriptAlets"/>
</testsuite> <!-- com.vm.SeAutomationTraining.HandleJavaScriptAlets -->
