<?xml version="1.0" encoding="UTF-8"?>
<!-- Generated by org.testng.reporters.JUnitReportReporter -->
<testsuite skipped="0" hostname="apples-MacBook-Pro.local" name="com.vm.SeAutomationTraining.HandleMouseHover" tests="1" failures="0" timestamp="2021-03-22T16:12:24 IST" time="5.209" errors="0">
  <testcase name="mouseHoverAndClickOnEleemnt" time="5.209" classname="com.vm.SeAutomationTraining.HandleMouseHover"/>
</testsuite> <!-- com.vm.SeAutomationTraining.HandleMouseHover -->
