<?xml version="1.0" encoding="UTF-8"?>
<!-- Generated by org.testng.reporters.JUnitReportReporter -->
<testsuite skipped="0" hostname="apples-MacBook-Pro.local" name="com.vm.SeAutomationTraining.KeyBoardActions" tests="1" failures="0" timestamp="2021-03-24T15:32:34 IST" time="18.778" errors="0">
  <testcase name="keyBoardActionTest" time="18.778" classname="com.vm.SeAutomationTraining.KeyBoardActions"/>
</testsuite> <!-- com.vm.SeAutomationTraining.KeyBoardActions -->
