<?xml version="1.0" encoding="UTF-8"?>
<!-- Generated by org.testng.reporters.JUnitReportReporter -->
<testsuite skipped="0" hostname="apples-MacBook-Pro.local" name="com.vm.SeAutomationTests.HomeTest" tests="1" failures="0" timestamp="2021-03-03T15:36:34 IST" time="0.041" errors="0">
  <testcase name="verifyHomePage" time="0.041" classname="com.vm.SeAutomationTests.HomeTest"/>
</testsuite> <!-- com.vm.SeAutomationTests.HomeTest -->
