<?xml version="1.0" encoding="UTF-8"?>
<!-- Generated by org.testng.reporters.JUnitReportReporter -->
<testsuite skipped="0" hostname="apples-MacBook-Pro.local" name="com.vm.SeAutomationTraining.HandleDropDown" tests="1" failures="0" timestamp="2021-03-03T16:00:18 IST" time="11.528" errors="0">
  <testcase name="verifyDropDown" time="11.528" classname="com.vm.SeAutomationTraining.HandleDropDown"/>
</testsuite> <!-- com.vm.SeAutomationTraining.HandleDropDown -->
