<?xml version="1.0" encoding="UTF-8"?>
<!-- Generated by org.testng.reporters.JUnitReportReporter -->
<testsuite skipped="0" hostname="apples-MacBook-Pro.local" name="com.vm.SeAutomationTraining.HandleAuthAlert" tests="1" failures="0" timestamp="2021-03-20T17:47:58 IST" time="14.217" errors="0">
  <testcase name="acceptJavaScriptAlert" time="14.217" classname="com.vm.SeAutomationTraining.HandleAuthAlert"/>
</testsuite> <!-- com.vm.SeAutomationTraining.HandleAuthAlert -->
