<?xml version="1.0" encoding="UTF-8"?>
<!-- Generated by org.testng.reporters.JUnitReportReporter -->
<testsuite skipped="0" hostname="apples-MacBook-Pro.local" name="com.vm.SeAutomationTraining.JavaScriptExecutorTest" tests="1" failures="0" timestamp="2021-03-26T11:01:55 IST" time="33.165" errors="0">
  <testcase name="doActionsUsingJS" time="33.165" classname="com.vm.SeAutomationTraining.JavaScriptExecutorTest"/>
</testsuite> <!-- com.vm.SeAutomationTraining.JavaScriptExecutorTest -->
