<?xml version="1.0" encoding="UTF-8"?>
<!-- Generated by org.testng.reporters.JUnitReportReporter -->
<testsuite skipped="0" hostname="apples-MacBook-Pro.local" name="com.vm.SeAutomationTraining.TakeSceenshotTest" tests="1" failures="0" timestamp="2021-06-17T08:59:36 IST" time="0.021" errors="0">
  <testcase name="test" time="0.021" classname="com.vm.SeAutomationTraining.TakeSceenshotTest"/>
</testsuite> <!-- com.vm.SeAutomationTraining.TakeSceenshotTest -->
