<?xml version="1.0" encoding="UTF-8"?>
<!-- Generated by org.testng.reporters.JUnitReportReporter -->
<testsuite skipped="0" hostname="apples-MacBook-Pro.local" name="com.vm.SeAutomationTests.AddRemoveElementsTest" tests="1" failures="0" timestamp="2021-03-10T15:36:18 IST" time="1.783" errors="0">
  <testcase name="verifyAddRemoveHeading" time="1.783" classname="com.vm.SeAutomationTests.AddRemoveElementsTest"/>
</testsuite> <!-- com.vm.SeAutomationTests.AddRemoveElementsTest -->
