<?xml version="1.0" encoding="UTF-8"?>
<!-- Generated by org.testng.reporters.JUnitReportReporter -->
<testsuite skipped="0" hostname="apples-MacBook-Pro.local" name="com.vm.SeAutomationTests.Time" tests="1" failures="0" timestamp="2021-06-17T07:44:50 IST" time="3.511" errors="0">
  <testcase name="test" time="3.511" classname="com.vm.SeAutomationTests.Time"/>
</testsuite> <!-- com.vm.SeAutomationTests.Time -->
