<?xml version="1.0" encoding="UTF-8"?>
<!-- Generated by org.testng.reporters.JUnitReportReporter -->
<testsuite skipped="0" hostname="apples-MacBook-Pro.local" name="com.vm.SeAutomationTraining.TestNGParameterizingMultiple" tests="1" failures="0" timestamp="2021-06-17T06:14:30 IST" time="16.502" errors="0">
  <testcase name="launchInternetPage" time="16.502" classname="com.vm.SeAutomationTraining.TestNGParameterizingMultiple"/>
</testsuite> <!-- com.vm.SeAutomationTraining.TestNGParameterizingMultiple -->
